

        **********************************************************
        ** PROGRAM FullProf.2k (Version 8.20 - Feb2025-ILL JRC) **
        **********************************************************
                       M U L T I -- P A T T E R N                 
            Rietveld, Profile Matching & Integrated Intensity     
                 Refinement of X-ray and/or Neutron Data


    Date: 14/03/2026  Time: 02:31:29.495                              

 => PCR file code: CVOSc
 => DAT file code: CVOSc.dat            -> Relative contribution: 1.0000                                                            

 ==> CONDITIONS OF THIS RUN FOR PATTERN No.:  1

 => Global Refinement of X-ray powder diffraction data                                                                              
 => Global Refinement of X-ray powder diffraction data                                                                              
    Bragg-Brentano(X-rays) or Debye-Scherrer geometry(Neutrons)
 => Title: CVO-Sc-x=0

 => Number of phases:    1
 => Number of excluded regions:    0
 => Number of scattering factors supplied:    0
 => Conventional weights: w=1.0/Variance(yobs)
 => Asymmetry correction as in J.Appl.Cryst. 26,128(1993)
 => Background refined by polynomial function
 => The    5th default profile function was selected
 => Pseudo-Voigt function (ETA variable)
                 X-parameter correspond to: ETA=ETA0+X*2theta
                       pV(x)= ETA*L(x)+(1-ETA)*G(x)

 ==> INPUT/OUTPUT OPTIONS:

 => Generate file *.PRF for plot
 => Output Integrated Intensities
 => Generate new input file *.PCR

 => X-Y type of data: 2theta/TOF/E(Kev) Intens sigma for pattern:  1
 => Plot pattern at each cycle
 => Wavelengths:  1.54056 1.54439
 => Alpha2/Alpha1 ratio:   0.5000
 => Cos(Monochromator angle)=   0.9100
 => Asymmetry correction for angles lower than    0.000 degrees
 => Absorption correction (AC), muR-eff =   0.0000  0.0000
 => Base of peaks: 2.0*HW*   35.00

 => Number of cycles:  100
 => Relaxation factors ==>    for coordinates:  1.00
 => for anisotropic temperature factors:  1.00
 => for halfwidth/strain/size/further parameters:  1.00
 => for lattice constants and propagation vectors:  1.00
 => EPS-value for convergence:    0.1
 => Number of Least-Squares parameters varied:    30

 =>--------------------------->
 =>------->  PATTERN number:  1
 =>--------------------------->
 => Global parameters and codes ==>
 => Zero-point:    -0.0064   81.0000
 => Background parameters and codes ==>
 => Origin of polynomial at 2theta/TOF/E(KeV):   40.000  
  337.46     -528.62      1116.3     -1843.3      1451.8     -404.40    
       21.00       31.00       41.00       51.00       61.00       71.00
 => Displacement peak-shift parameter and code:     0.00    0.00
 => Transparency peak-shift parameter and code:     0.00    0.00

 => Reading Intensity data  =>>

 -> No recognizable heading in input data file X,Y,sigma
    First 6 lines are considered as COMMENTS (except for TSAMP keyword)
 -> COMMENT: 15.0001	1933.0                                                                                                                      
 -> COMMENT: 15.0206	1973.0                                                                                                                      
 -> COMMENT: 15.0411	1915.0                                                                                                                      
 -> COMMENT: 15.0615	1992.0                                                                                                                      
 -> COMMENT: 15.0820	1971.0                                                                                                                      
 -> COMMENT: 15.1025	1877.0                                                                                                                      
 ==> Angular range, step and number of points:
     2Thmin:      15.123000  2Thmax:      99.998497  Step:       0.020486  No. of points:   4145
 --------------------------------------------------------------------------------
 => Phase  No. 1
      CVO-Sc-x=0                                                            
 --------------------------------------------------------------------------------
 =>-------> Pattern#  1
 => Crystal Structure Refinement
 => Preferred orientation vector:   0.0000  0.0000  1.0000

 =>-------> Data for PHASE: 1
 => Number of atoms:    7
 => Number of distance  constraints:    0
 => Number of angle     constraints:    0

 => Symmetry information on space group: P b n m             
 -> The multiplicity of the general position is:   8
 -> The space group is Centric (-1 at origin)   
 -> Lattice type  P: { 000 }                                       
 -> Reduced set of symmetry operators:

  No.  IT   Symmetry symbol    Rotation part     Associated Translation
   1: ( 1)   1            -->     ( x, y, z) + {  0.0000  0.0000  0.0000}
   2: ( 4)   2 ( x, 0, 0) -->     ( x,-y,-z) + {  0.5000  0.5000  0.0000}
   3: ( 3)   2 ( 0, y, 0) -->     (-x, y,-z) + {  0.5000  0.5000  0.5000}
   4: ( 2)   2 ( 0, 0, z) -->     (-x,-y, z) + {  0.0000  0.0000  0.5000}


        Information on Space Group: 
        --------------------------- 

 =>   Number of Space group:  62
 =>  Hermann-Mauguin Symbol: P b n m
 =>             Hall Symbol: -P 2c 2ab
 =>    Table Setting Choice: cab
 =>            Setting Type: IT (Generated from Hermann-Mauguin symbol)
 =>          Crystal System: Orthorhombic
 =>              Laue Class: mmm
 =>             Point Group: mmm
 =>         Bravais Lattice: P
 =>          Lattice Symbol: oP
 =>  Reduced Number of S.O.:   4
 =>    General multiplicity:   8
 =>          Centrosymmetry: Centric (-1 at origin)
 =>  Generators (exc. -1&L):   2
 =>         Asymmetric unit:  0.000 <= x <=  1.000
                              0.000 <= y <=  0.500
                              0.000 <= z <=  0.250
 => Centring vectors:  0
                                                                                                    

 => List of all Symmetry Operators and Symmetry Symbols

 => SYMM(  1): x,y,z                             Symbol: 1
 => SYMM(  2): x+1/2,-y+1/2,-z                   Symbol: 2 (1/2,0,0) x,1/4,0
 => SYMM(  3): -x+1/2,y+1/2,-z+1/2               Symbol: 2 (0,1/2,0) 1/4,y,1/4
 => SYMM(  4): -x,-y,z+1/2                       Symbol: 2 (0,0,1/2) 0,0,z
 => SYMM(  5): -x,-y,-z                          Symbol: -1 0,0,0
 => SYMM(  6): -x+1/2,y+1/2,z                    Symbol: b 1/4,y,z
 => SYMM(  7): x+1/2,-y+1/2,z+1/2                Symbol: n (1/2,0,1/2) x,1/4,z
 => SYMM(  8): x,y,-z+1/2                        Symbol: m x,y,1/4

 => Initial parameters ==>
 Atom    Ntyp                  X         Y         Z         B         occ.         in  fin  Spc  Mult
                             B11       B22       B33       B12       B13       B23
 V1     V                  0.11162   0.06722   0.25000   0.00000   0.50000           0    0    0    4
                 Codes:  151.00000 161.00000   0.00000   0.00000   0.00000
 V2     V                 -0.10419  -0.41985   0.25000   0.00000   0.50000           0    0    0    4
                 Codes:  181.00000 191.00000   0.00000   0.00000   0.00000
 Ca1    Ca                 0.34533   0.24505   0.25000   0.00000   0.50000           0    0    0    4
                 Codes:  211.00000 221.00000   0.00000   0.00000   0.00000
 O1     O                 -0.16158  -0.20900   0.25000   0.00000   0.50000           0    0    0    4
                 Codes:  241.00000 251.00000   0.00000   0.00000   0.00000
 O2     O                 -0.02430   0.38152   0.25000   0.00000   0.50000           0    0    0    4
                 Codes:  271.00000 281.00000   0.00000   0.00000   0.00000
 O3     O                  0.21587   0.48059   0.25000   0.00000   0.50000           0    0    0    4
                 Codes:  261.00000 231.00000   0.00000   0.00000   0.00000
 O4     O                 -0.42558  -0.42016   0.25000   0.00000   0.50000           0    0    0    4
                 Codes:  201.00000 171.00000   0.00000   0.00000   0.00000

 => It is assumed that THE FIRST GIVEN SITE plus all the other atoms 
    occupying THE SAME POSITION have a total full occupation (no vacancies!)
  (if this is not the case, change the order of atoms to obtain correct values for the content of the unit cell)
    The given occupation factors have been obtained mutiplying m/M by   0.5000
      -> Atom: V   ,  Chemical element: V   Atomic Mass:    50.9414
      -> Atom: V   ,  Chemical element: V   Atomic Mass:    50.9414
      -> Atom: Ca  ,  Chemical element: CA  Atomic Mass:    40.0800
      -> Atom: O   ,  Chemical element: O   Atomic Mass:    15.9994
      -> Atom: O   ,  Chemical element: O   Atomic Mass:    15.9994
      -> Atom: O   ,  Chemical element: O   Atomic Mass:    15.9994
      -> Atom: O   ,  Chemical element: O   Atomic Mass:    15.9994
 => The given value of ATZ is        823.84 the program has calculated:         823.84
    The value of ATZ given in the input PCR file will be used for quantitative analysis
 => The chemical content of the unit cell is: 
       4.0000 V    +   4.0000 V    +   4.0000 Ca   +   4.0000 O    +   4.0000 O    +   4.0000 O    +   4.0000 O      
 => The normalized site occupation numbers in % are: 
     100.0000 V1     :      100.0000 V2     :      100.0000 Ca1    :      100.0000 O1     :      100.0000 O2     :      100.0000 O3     :      100.0000 O4       
 => The density (volumic mass) of the compound is:    4.626 g/cm3

 =>-------> PROFILE PARAMETERS FOR PATTERN:  1

 => Overall scale factor:   0.408569E-02
 => ETA (p-Voigt) OR M (Pearson VII):   0.8508
 => Overall temperature factor:      0.00000
 => Halfwidth U,V,W:      0.01579     0.00629     0.00116
 => X and Y parameters:       0.0042      0.0000
 => Direct cell parameters:   10.6754   9.2087   3.0086  90.0000  90.0000  90.0000
 => Preferred orientation parameters:   0.0000  0.0000
 => Asymmetry parameters     :      0.00000     0.00000     0.00000     0.00000
 => Strain parameters        :      0.00000     0.00000     0.00000
 => Size   parameters        :      0.00000     0.00000

 ==> CODEWORDS FOR PROFILE PARAMETERS of PATTERN#  1

 => Overall scale factor:   11.000
 => ETA (p-Voigt) OR M (Pearson VII):  291.000
 => Overall temperature factor:    0.000
 => Halfwidth U,V,W:  121.000 131.000 141.000
 => X and Y parameters:  301.000   0.000
 => Direct cell parameters:   91.000 101.000 111.000   0.000   0.000   0.000
 => Preferred orientation parameters:    0.000   0.000
 => Asymmetry parameters     :    0.000   0.000   0.000   0.000
 => Strain parameters        :    0.000   0.000   0.000
 => Size   parameters        :    0.000   0.000

 => Cell constraints according to Laue symmetry: mmm  

        Metric information:
        -------------------

 => Direct cell parameters:

         a =      10.6754      b =       9.2087      c =       3.0086
     alpha =       90.000   beta =       90.000  gamma =       90.000
                        Direct Cell Volume =     295.7618

 => Reciprocal cell parameters:

         a*=     0.093673      b*=     0.108593      c*=     0.332383
     alpha*=       90.000   beta*=       90.000  gamma*=       90.000
                    Reciprocal Cell Volume =   0.00338110

 => Direct and Reciprocal Metric Tensors:

                   GD                                       GR
    113.9644      0.0000      0.0000          0.008775    0.000000    0.000000
      0.0000     84.7994      0.0000          0.000000    0.011793    0.000000
      0.0000      0.0000      9.0515          0.000000    0.000000    0.110479

 =>  Cartesian frame: x // a; z is along c*; y is within the ab-plane   

     Crystal_to_Orthonormal_Matrix              Orthonormal_to_Crystal Matrix
              Cr_Orth_cel                               Orth_Cr_cel  
     10.6754      0.0000      0.0000          0.093673   -0.000000   -0.000000
      0.0000      9.2087      0.0000          0.000000    0.108593   -0.000000
      0.0000      0.0000      3.0086          0.000000    0.000000    0.332383

     Busing-Levy B-matrix: Hc=B.H            Inverse of the Busing-Levy B-matrix
                BL_M                                      BL_Minv  
    0.093673    0.000000    0.000000           10.6754     -0.0000     -0.0000
    0.000000    0.108593   -0.000000            0.0000      9.2087      0.0000
    0.000000    0.000000    0.332383            0.0000      0.0000      3.0086

 => Laue symmetry mmm   will be used to generate HKL for pattern#   1
 => Reflections generated between S(1/d)min:  0.1704 A-1 and S(1/d)max:  1.0576 A-1
 =>                                    dmax:  5.8682 A   and      dmin:  0.9455 A
 => The number of reflections generated is:    225
 => The max. scatt. variable (gen.ref.) is:       109.1062
 => Scattering coefficients from internal table


 => X-ray scattering coeff. (A1, B1, A2,...C, f(0), Z, Dfp,Dfpp)

 V      10.2971   6.8657   7.3511   0.4385   2.0703  26.8938   2.0571 102.4780   1.2199  22.9955  23.0000   0.0350   2.1100
 CA      8.6266  10.4421   7.3873   0.6599   1.5899  85.7484   1.0211 178.4370   1.3751  20.0000  20.0000   0.3410   1.2860
 O       3.0485  13.2771   2.2868   5.7011   1.5463   0.3239   0.8670  32.9089   0.2508   7.9994   8.0000   0.0470   0.0320

     --------------------------------------------------------------
      SYMBOLIC NAMES AND INITIAL VALUES OF PARAMETERS TO BE VARIED:
     --------------------------------------------------------------

      ->  Parameter number    1   -> Symbolic Name:                                     Scale_ph1_pat1    0.40856930E-02
      ->  Parameter number    2   -> Symbolic Name:                                         Bck_0_pat1     337.45901    
      ->  Parameter number    3   -> Symbolic Name:                                         Bck_1_pat1    -528.62000    
      ->  Parameter number    4   -> Symbolic Name:                                         Bck_2_pat1     1116.3070    
      ->  Parameter number    5   -> Symbolic Name:                                         Bck_3_pat1    -1843.3010    
      ->  Parameter number    6   -> Symbolic Name:                                         Bck_4_pat1     1451.7770    
      ->  Parameter number    7   -> Symbolic Name:                                         Bck_5_pat1    -404.40399    
      ->  Parameter number    8   -> Symbolic Name:                                          Zero_pat1   -0.64200000E-02
      ->  Parameter number    9   -> Symbolic Name:                                    Cell_A_ph1_pat1     10.675412    
      ->  Parameter number   10   -> Symbolic Name:                                    Cell_B_ph1_pat1     9.2086573    
      ->  Parameter number   11   -> Symbolic Name:                                    Cell_C_ph1_pat1     3.0085771    
      ->  Parameter number   12   -> Symbolic Name:                                    U-Cagl_ph1_pat1    0.15788000E-01
      ->  Parameter number   13   -> Symbolic Name:                                    V-Cagl_ph1_pat1    0.62940000E-02
      ->  Parameter number   14   -> Symbolic Name:                                    W-Cagl_ph1_pat1    0.11560000E-02
      ->  Parameter number   15   -> Symbolic Name:                                           X_V1_ph1    0.11162000    
      ->  Parameter number   16   -> Symbolic Name:                                           Y_V1_ph1    0.67220002E-01
      ->  Parameter number   17   -> Symbolic Name:                                           Y_O4_ph1   -0.42016000    
      ->  Parameter number   18   -> Symbolic Name:                                           X_V2_ph1   -0.10419000    
      ->  Parameter number   19   -> Symbolic Name:                                           Y_V2_ph1   -0.41984999    
      ->  Parameter number   20   -> Symbolic Name:                                           X_O4_ph1   -0.42557999    
      ->  Parameter number   21   -> Symbolic Name:                                          X_Ca1_ph1    0.34533000    
      ->  Parameter number   22   -> Symbolic Name:                                          Y_Ca1_ph1    0.24505000    
      ->  Parameter number   23   -> Symbolic Name:                                           Y_O3_ph1    0.48058999    
      ->  Parameter number   24   -> Symbolic Name:                                           X_O1_ph1   -0.16158000    
      ->  Parameter number   25   -> Symbolic Name:                                           Y_O1_ph1   -0.20900001    
      ->  Parameter number   26   -> Symbolic Name:                                           X_O3_ph1    0.21586999    
      ->  Parameter number   27   -> Symbolic Name:                                           X_O2_ph1   -0.24300000E-01
      ->  Parameter number   28   -> Symbolic Name:                                           Y_O2_ph1    0.38152000    
      ->  Parameter number   29   -> Symbolic Name:                                     EtaPV_ph1_pat1    0.85075998    
      ->  Parameter number   30   -> Symbolic Name:                                     X-tan_ph1_pat1    0.41950000E-02
  
 
 => No optimization for routine tasks
 ++++++++++++++++++++++++++++++++++++++++++++++++++++++++++++++++++++++++++++++++++++++++++++++++++++++++++++++++++++++++++++++++++++

 => CYCLE No.:    1
 ------------------------------------------------------------------------------------------------------------------------------------
 => Phase  1 Name: CVO-Sc-x=0
 ------------------------------------------------------------------------------------------------------------------------------------
 => New parameters, shifts, and standard deviations

 Atom        x       dx      sx       y       dy      sy       z       dz      sz       B       dB      sB      occ.    docc.   socc.

 V1       0.11162 0.00000 0.00012  0.06722 0.00000 0.00018  0.25000 0.00000 0.00000  0.00000 0.00000 0.00000  0.50000 0.00000 0.00000
 V2      -0.10419 0.00000 0.00012 -0.41985 0.00000 0.00017  0.25000 0.00000 0.00000  0.00000 0.00000 0.00000  0.50000 0.00000 0.00000
 Ca1      0.34533-0.00000 0.00016  0.24505 0.00000 0.00024  0.25000 0.00000 0.00000  0.00000 0.00000 0.00000  0.50000 0.00000 0.00000
 O1      -0.16158 0.00000 0.00047 -0.20900 0.00000 0.00050  0.25000 0.00000 0.00000  0.00000 0.00000 0.00000  0.50000 0.00000 0.00000
 O2      -0.02430-0.00000 0.00047  0.38152-0.00000 0.00047  0.25000 0.00000 0.00000  0.00000 0.00000 0.00000  0.50000 0.00000 0.00000
 O3       0.21587-0.00000 0.00045  0.48059-0.00000 0.00061  0.25000 0.00000 0.00000  0.00000 0.00000 0.00000  0.50000 0.00000 0.00000
 O4      -0.42558-0.00000 0.00044 -0.42016-0.00000 0.00050  0.25000 0.00000 0.00000  0.00000 0.00000 0.00000  0.50000 0.00000 0.00000

 ==> PROFILE PARAMETERS FOR PATTERN#  1

 => Overall scale factor:      0.004085685    -0.000000008     0.000008909
 => Eta(p-Voigt) or m(Pearson VII):   0.850716 -0.000044  0.029967
 => Overall tem. factor:     0.000000    0.000000    0.000000
 => Halfwidth parameters: 
         0.015783   -0.000005    0.002524
         0.006296    0.000002    0.001850
         0.001156   -0.000000    0.000348
 => Cell parameters: 
       10.675412    0.000000    0.000132
        9.208657    0.000000    0.000123
        3.008577    0.000000    0.000035
       90.000000    0.000000    0.000000
       90.000000    0.000000    0.000000
       90.000000    0.000000    0.000000
 => Preferred orientation: 
         0.000000    0.000000    0.000000
         0.000000    0.000000    0.000000
 => Asymmetry parameters: 
         0.000000    0.000000    0.000000
         0.000000    0.000000    0.000000
         0.000000    0.000000    0.000000
         0.000000    0.000000    0.000000
 => X and Y parameters: 
         0.004196    0.000001    0.000623
         0.000000    0.000000    0.000000
 => Strain parameters: 
         0.000000    0.000000    0.000000
         0.000000    0.000000    0.000000
         0.000000    0.000000    0.000000
 => Size   parameters (G,L): 
         0.000000    0.000000    0.000000
         0.000000    0.000000    0.000000

 ==> GLOBAL PARAMETERS FOR PATTERN#  1


 => Zero-point:    -0.0064    0.0000    0.0004
 => Background Polynomial Parameters ==>
       337.46     0.12682E-02  2.1822    
      -528.65    -0.30577E-01  8.5253    
       1116.3    -0.55435E-01  16.180    
      -1843.3    -0.42640E-02  29.929    
       1451.8    -0.25720E-02  46.362    
      -404.45    -0.46247E-01  18.693    

 => Cos( theta)-shift parameter :   0.0000  0.0000  0.0000
 => Sin(2theta)-shift parameter :   0.0000  0.0000  0.0000

 ==> RELIABILITY FACTORS WITH ALL NON-EXCLUDED POINTS FOR PATTERN:  1

 => R-Factors:   6.58      8.68     Chi2:  7.27     DW-Stat.:  0.5664   Patt#:  1
 => Expected :            3.22                                1.9181
 => Deviance : 0.307E+05     Dev*:   7.462    
 => GoF-index:  2.7         Sqrt(Residual/N)
 => N-P+C:  4115

 =>    SumYdif       SumYobs      SumYcal      SumwYobsSQ     Residual    Condition
     0.2615E+06    0.3972E+07    0.3943E+07    0.3972E+07    0.2990E+05    0.3671E+18


 => Conventional Rietveld Rp,Rwp,Re and Chi2:   10.6      11.9      4.43      7.267    
 => (Values obtained using Ynet, but true sigma(y))
 =>  SumYnet, Sum(w Ynet**2):     0.2461E+07    0.2097E+07


 ==> RELIABILITY FACTORS FOR POINTS WITH BRAGG CONTRIBUTIONS FOR PATTERN:  1

 => R-Factors:   6.60      8.69     Chi2:  7.30     DW-Stat.:  0.5677   Patt#:
 => Expected :            3.22                                1.9179
 => Deviance : 0.307E+05     Dev*:   7.496    
 => GoF-index:  2.7         Sqrt(Residual/N)
 => N-P+C:  4088

 =>    SumYdif       SumYobs      SumYcal      SumwYobsSQ     Residual    Condition
     0.2605E+06    0.3947E+07    0.3917E+07    0.3947E+07    0.2983E+05    0.3671E+18


 => Conventional Rietveld Rp,Rwp,Re and Chi2:   10.6      11.9      4.42      7.298    
 => (Values obtained using Ynet, but true sigma(y))
 =>  SumYnet, Sum(w Ynet**2):     0.2462E+07    0.2097E+07


 => Global user-weigthed Chi2 (Bragg contrib.):   7.30    

 => ---------> Pattern#  1
 => Phase:  1
 =>    Bragg R-factor:  4.45    
 =>    RF-factor     :  2.79    


   Standard deviations have to be multiplied by: 3.1583
   (correlated residuals) See references:
  -J.F.Berar & P.Lelann, J. Appl. Cryst. 24, 1-5 (1991) 
  -J.F.Berar, Acc. in Pow. Diff. II,NIST Sp.Pub. 846, 63(1992) 

 ++++++++++++++++++++++++++++++++++++++++++++++++++++++++++++++++++++++++++++++++++++++++++++++++++++++++++++++++++++++++++++++++++++

 => CYCLE No.:    1
 =>  Convergence reached at this CYCLE !!!!
 =>  Parameter shifts set to zero
 ------------------------------------------------------------------------------------------------------------------------------------
 => Phase  1 Name: CVO-Sc-x=0
 ------------------------------------------------------------------------------------------------------------------------------------
 => New parameters, shifts, and standard deviations

 Atom        x       dx      sx       y       dy      sy       z       dz      sz       B       dB      sB      occ.    docc.   socc.

 V1       0.11162 0.00000 0.00012  0.06722 0.00000 0.00018  0.25000 0.00000 0.00000  0.00000 0.00000 0.00000  0.50000 0.00000 0.00000
 V2      -0.10419 0.00000 0.00012 -0.41985 0.00000 0.00017  0.25000 0.00000 0.00000  0.00000 0.00000 0.00000  0.50000 0.00000 0.00000
 Ca1      0.34533 0.00000 0.00016  0.24505 0.00000 0.00024  0.25000 0.00000 0.00000  0.00000 0.00000 0.00000  0.50000 0.00000 0.00000
 O1      -0.16158 0.00000 0.00047 -0.20900 0.00000 0.00050  0.25000 0.00000 0.00000  0.00000 0.00000 0.00000  0.50000 0.00000 0.00000
 O2      -0.02430 0.00000 0.00047  0.38152 0.00000 0.00047  0.25000 0.00000 0.00000  0.00000 0.00000 0.00000  0.50000 0.00000 0.00000
 O3       0.21587 0.00000 0.00045  0.48059 0.00000 0.00061  0.25000 0.00000 0.00000  0.00000 0.00000 0.00000  0.50000 0.00000 0.00000
 O4      -0.42558 0.00000 0.00044 -0.42016 0.00000 0.00050  0.25000 0.00000 0.00000  0.00000 0.00000 0.00000  0.50000 0.00000 0.00000

 ==> PROFILE PARAMETERS FOR PATTERN#  1

 => Overall scale factor:      0.004085685     0.000000000     0.000008909
 => Eta(p-Voigt) or m(Pearson VII):   0.850716  0.000000  0.029967
 => Overall tem. factor:     0.000000    0.000000    0.000000
 => Halfwidth parameters: 
         0.015783    0.000000    0.002524
         0.006296    0.000000    0.001850
         0.001156    0.000000    0.000348
 => Cell parameters: 
       10.675412    0.000000    0.000132
        9.208657    0.000000    0.000123
        3.008577    0.000000    0.000035
       90.000000    0.000000    0.000000
       90.000000    0.000000    0.000000
       90.000000    0.000000    0.000000
 => Preferred orientation: 
         0.000000    0.000000    0.000000
         0.000000    0.000000    0.000000
 => Asymmetry parameters: 
         0.000000    0.000000    0.000000
         0.000000    0.000000    0.000000
         0.000000    0.000000    0.000000
         0.000000    0.000000    0.000000
 => X and Y parameters: 
         0.004196    0.000000    0.000623
         0.000000    0.000000    0.000000
 => Strain parameters: 
         0.000000    0.000000    0.000000
         0.000000    0.000000    0.000000
         0.000000    0.000000    0.000000
 => Size   parameters (G,L): 
         0.000000    0.000000    0.000000
         0.000000    0.000000    0.000000

 ==> GLOBAL PARAMETERS FOR PATTERN#  1


 => Zero-point:    -0.0064    0.0000    0.0004
 => Background Polynomial Parameters ==>
       337.46      0.0000      2.1822    
      -528.65      0.0000      8.5253    
       1116.3      0.0000      16.180    
      -1843.3      0.0000      29.929    
       1451.8      0.0000      46.362    
      -404.45      0.0000      18.693    

 => Cos( theta)-shift parameter :   0.0000  0.0000  0.0000
 => Sin(2theta)-shift parameter :   0.0000  0.0000  0.0000

 ==> RELIABILITY FACTORS WITH ALL NON-EXCLUDED POINTS FOR PATTERN:  1

 => R-Factors:   6.58      8.68     Chi2:  7.27     DW-Stat.:  0.5664   Patt#:  1
 => Expected :            3.22                                1.9181
 => Deviance : 0.307E+05     Dev*:   7.462    
 => GoF-index:  2.7         Sqrt(Residual/N)
 => N-P+C:  4115

 =>    SumYdif       SumYobs      SumYcal      SumwYobsSQ     Residual    Condition
     0.2615E+06    0.3972E+07    0.3943E+07    0.3972E+07    0.2990E+05    0.3671E+18


 => Conventional Rietveld Rp,Rwp,Re and Chi2:   10.6      11.9      4.43      7.267    
 => (Values obtained using Ynet, but true sigma(y))
 =>  SumYnet, Sum(w Ynet**2):     0.2461E+07    0.2097E+07

 => N-sigma of the GoF:      284.256

 ==> RELIABILITY FACTORS FOR POINTS WITH BRAGG CONTRIBUTIONS FOR PATTERN:  1

 => R-Factors:   6.60      8.69     Chi2:  7.30     DW-Stat.:  0.5677   Patt#:
 => Expected :            3.22                                1.9179
 => Deviance : 0.307E+05     Dev*:   7.496    
 => GoF-index:  2.7         Sqrt(Residual/N)
 => N-P+C:  4088

 =>    SumYdif       SumYobs      SumYcal      SumwYobsSQ     Residual    Condition
     0.2605E+06    0.3947E+07    0.3917E+07    0.3947E+07    0.2983E+05    0.3671E+18


 => Conventional Rietveld Rp,Rwp,Re and Chi2:   10.6      11.9      4.42      7.298    
 => (Values obtained using Ynet, but true sigma(y))
 =>  SumYnet, Sum(w Ynet**2):     0.2462E+07    0.2097E+07

 => N-sigma of the GoF:      284.740

 => Global user-weigthed Chi2 (Bragg contrib.):   7.31    

 => ---------> Pattern#  1
 => Phase:  1
 =>    Bragg R-factor:  4.45    
 =>    RF-factor     :  2.79    

 --------------------------------------------------------------------------------------------------------------------------------------------------------
 Pattern#  1 Phase No.:   1 Phase name: CVO-Sc-x=0
 --------------------------------------------------------------------------------------------------------------------------------------------------------

   No.  Code     H   K   L  Mult      Hw      ETA/M    2theta/TOF     Icalc       Iobs      Sigma     StrFactor^2    d-hkl       CORR

      1   1      2   0   0     2  0.049088  0.920343      16.595       82.1      196.6      6.136        228.0648  5.337706      1.000000
      2   1      2   1   0     4  0.051697  0.931290      19.204      123.3      131.5      1.604        230.2279  4.618004      1.000000
      3   1      0   2   0     2  0.051755  0.931531      19.261      619.7      594.2      5.816       2331.4688  4.604328      1.000000
      4   1      1   2   0     4  0.053519  0.938806      20.995        0.1        0.0      0.184          0.1169  4.227854      1.000000
      5   1      2   2   0     4  0.058241  0.957826      25.528      475.8      451.2      5.546       1606.0756  3.486441      1.000000
      6   1      3   1   0     4  0.059634  0.963319      26.837       39.1       34.7      2.730        146.7915  3.319265      1.000000
      7   1      1   3   0     4  0.063353  0.977729      30.272       73.5       79.7      2.344        355.7804  2.950025      1.000000
      8   1      1   0   1     4  0.063992  0.980168      30.853      351.3      320.8      3.405       1770.7296  2.895777      1.000000
      9   1      3   2   0     4  0.064988  0.983950      31.754       29.4       30.6      1.084        157.7721  2.815593      1.000000
     10   1      1   1   1     8  0.065686  0.986585      32.382      216.7      207.8      2.127        605.8812  2.762413      1.000000
     11   1      4   0   0     2  0.066992  0.991486      33.551     2070.2     2211.9      5.172      24990.9668  2.668853      1.000000
     12   1      2   3   0     4  0.067108  0.991917      33.653     3890.7     4089.0      6.938      23636.6895  2.660934      1.000000
     13   1      4   1   0     4  0.068601  0.997462      34.975      113.9      106.8      1.330        751.9414  2.563368      1.000000
     14   1      2   1   1     8  0.069295  1.000021      35.585     2529.7     2517.7      5.632       8671.3486  2.520806      1.000000
     15   1      0   2   1     4  0.069333  1.000158      35.617     1268.6     1261.2      2.714       8712.2061  2.518575      1.000000
     16   1      1   2   1     8  0.070492  1.004404      36.629       24.2       25.4      0.802         88.3432  2.451280      1.000000
     17   1      3   3   0     4  0.072902  1.013126      38.708       80.2       85.9      1.592        660.1299  2.324294      1.000000
     18   1      4   2   0     4  0.073214  1.014245      38.975        9.7        9.3      0.313         81.0615  2.309002      1.000000
     19   1      0   4   0     2  0.073355  1.014750      39.095       23.5       26.0      0.401        395.8037  2.302164      1.000000
     20   1      3   0   1     4  0.073452  1.015098      39.178      202.5      218.0      1.886       1712.1882  2.297482      1.000000
     21   1      2   2   1     8  0.073868  1.016581      39.532      104.6      114.1      1.427        451.2303  2.277749      1.000000
     22   1      1   4   0     4  0.074458  1.018680      40.032      123.6      141.2      1.491       1096.1036  2.250430      1.000000
     23   1      3   1   1     8  0.074929  1.020353      40.431     1644.6     1686.7      5.361       7452.5151  2.229151      1.000000
     24   1      2   4   0     4  0.077691  1.030040      42.739      522.9      588.3      2.947       5357.6299  2.113927      1.000000
     25   1      1   3   1     8  0.077886  1.030714      42.900      937.8      984.3      3.521       4844.6113  2.106379      1.000000
     26   1      5   1   0     4  0.078581  1.033121      43.474      133.5      147.8      1.592       1419.8085  2.079909      1.000000
     27   1      3   2   1     8  0.079235  1.035374      44.011      188.9      200.4      2.025       1033.0964  2.055766      1.000000
     28   1      4   3   0     4  0.080413  1.039407      44.972        5.3        5.1      0.487         60.6687  2.014036      1.000000
     29   1      2   3   1     8  0.081025  1.041490      45.468      120.9      122.5      1.787        710.6727  1.993195      1.000000
     30   1      4   1   1     8  0.082311  1.045836      46.504      524.5      498.5      3.208       3241.6924  1.951184      1.000000
     31   1      5   2   0     4  0.082763  1.047353      46.866       39.0       43.3      0.786        490.7462  1.936963      1.000000
     32   1      3   4   0     4  0.082893  1.047789      46.970        8.2        7.7      0.200        103.4806  1.932921      1.000000
     33   1      3   3   1     8  0.086118  1.058471      49.516      454.0      432.5      2.304       3228.6162  1.839331      1.000000
     34   1      4   2   1     8  0.086400  1.059392      49.735     1535.8     1513.5      4.174      11030.8604  1.831725      1.000000
     35   1      0   4   1     4  0.086528  1.059809      49.834     1124.2     1123.8      2.901      16220.4082  1.828306      1.000000
     36   1      1   5   0     4  0.087033  1.061458      50.227       22.8       26.7      0.305        334.8554  1.814920      1.000000
     37   1      1   4   1     8  0.087529  1.063066      50.611      584.5      586.3      3.053       4365.2114  1.802068      1.000000
     38   1      6   0   0     2  0.088433  1.065988      51.307       11.4       13.9      0.468        352.3576  1.779235      1.000000
     39   1      5   3   0     4  0.089522  1.069481      52.139       35.3       35.5      0.773        563.8592  1.752769      1.000000
     40   1      6   1   0     4  0.089769  1.070268      52.327       64.6       71.3      0.843       1040.1533  1.746927      1.000000
     41   1      4   4   0     4  0.089926  1.070770      52.447       14.6       15.0      0.130        236.3616  1.743220      1.000000
     42   1      5   0   1     4  0.090013  1.071047      52.513      239.2      247.1      1.602       3880.7234  1.741185      1.000000
     43   1      2   5   0     4  0.090021  1.071071      52.518       96.1       99.3      0.643       1558.7953  1.741008      1.000000
     44   1      2   4   1     8  0.090511  1.072629      52.890      130.0      130.3      1.466       1071.4689  1.729654      1.000000
     45   1      5   1   1     8  0.091343  1.075258      53.516        1.1        1.1      0.143          9.4938  1.710870      1.000000
     46   1      4   3   1     8  0.093069  1.080667      54.805        0.1        0.0      0.004          0.5666  1.673641      1.000000
     47   1      6   2   0     4  0.093748  1.082773      55.307      651.7      703.9      3.902      11869.9170  1.659632      1.000000
     48   1      3   5   0     4  0.094949  1.086475      56.190        2.5        2.0      0.153         47.8909  1.635644      1.000000
     49   1      5   2   1     8  0.095310  1.087582      56.454       66.1       60.0      1.005        630.0623  1.628623      1.000000
     50   1      3   4   1     8  0.095435  1.087964      56.545       85.9       79.4      1.080        822.1688  1.626218      1.000000
     51   1      5   4   0     4  0.098776  1.098056      58.950        2.1        1.8      0.177         43.9745  1.565470      1.000000
     52   1      1   5   1     8  0.099449  1.100056      59.427       24.1       24.5      0.660        257.4600  1.554049      1.000000
     53   1      6   3   0     4  0.100337  1.102683      60.053      562.4      608.7      3.049      12285.7256  1.539335      1.000000
     54   1      0   6   0     2  0.100618  1.103508      60.249      519.5      557.3      2.356      22860.5996  1.534776      1.000000
     55   1      1   6   0     4  0.101599  1.106382      60.934       22.9       20.7      0.260        517.0466  1.519157      1.000000
     56   1      4   5   0     4  0.101811  1.107002      61.082      101.6      100.3      0.754       2302.4351  1.515833      1.000000
     57   1      5   3   1     8  0.101897  1.107253      61.142       30.4       29.9      0.199        345.7587  1.514494      1.000000
     58   1      6   1   1     8  0.102141  1.107963      61.311      623.6      615.4      2.169       7125.9946  1.510720      1.000000
     59   1      4   4   1     8  0.102298  1.108416      61.419      981.1      970.2      2.605      11255.3320  1.508322      1.000000
     60   1      2   5   1     8  0.102391  1.108688      61.484      667.1      664.5      1.702       7670.0166  1.506888      1.000000

   No.  Code     H   K   L  Mult      Hw      ETA/M    2theta/TOF     Icalc       Iobs      Sigma     StrFactor^2    d-hkl       CORR

     61   1      7   1   0     4  0.102543  1.109130      61.589        7.9        7.8      0.020        181.8408  1.504565      1.000000
     62   1      0   0   2     2  0.102562  1.109182      61.602      970.2      953.6      2.502      44802.4844  1.504288      1.000000
     63   1      2   6   0     4  0.104548  1.114892      62.962       28.7       37.7      0.779        693.5621  1.475013      1.000000
     64   1      1   1   2     8  0.104868  1.115804      63.180        0.1        0.1      0.003          0.9690  1.470459      1.000000
     65   1      6   2   1     8  0.106111  1.119325      64.019      431.9      438.6      2.817       5415.0181  1.453193      1.000000
     66   1      2   0   2     4  0.106503  1.120427      64.282        3.1        3.2      0.035         77.3656  1.447888      1.000000
     67   1      7   2   0     4  0.106516  1.120463      64.290       27.4       28.4      0.326        693.3095  1.447712      1.000000
     68   1      3   5   1     8  0.107321  1.122717      64.828       48.8       52.3      1.006        628.7440  1.437007      1.000000
     69   1      2   1   2     8  0.107834  1.124147      65.168        5.8        6.5      0.144         75.2915  1.430316      1.000000
     70   1      0   2   2     4  0.107865  1.124235      65.189       30.3       34.3      0.754        788.4984  1.429908      1.000000
     71   1      1   2   2     8  0.108858  1.126985      65.845        0.0        0.0      0.000          0.0020  1.417251      1.000000
     72   1      3   6   0     4  0.109499  1.128747      66.265       18.5       19.9      0.356        497.4383  1.409285      1.000000
     73   1      6   4   0     4  0.109620  1.129079      66.344      124.9      135.2      1.672       3375.2017  1.407796      1.000000
     74   1      5   5   0     4  0.110713  1.132064      67.055        1.7        1.5      0.171         48.1632  1.394576      1.000000
     75   1      5   4   1     8  0.111209  1.133409      67.376       22.2       18.9      0.794        309.8392  1.388720      1.000000
     76   1      2   2   2     8  0.111855  1.135155      67.792       51.2       44.7      1.037        722.8845  1.381206      1.000000
     77   1      6   3   1     8  0.112808  1.137712      68.401       98.9       96.0      1.324       1423.0525  1.370378      1.000000
     78   1      3   1   2     8  0.112829  1.137767      68.414        3.8        3.7      0.050         55.1605  1.370148      1.000000
     79   1      0   6   1     4  0.113096  1.138481      68.585       42.4       41.6      0.540       1225.4647  1.367159      1.000000
     80   1      7   3   0     4  0.113221  1.138813      68.664        8.8        8.7      0.147        256.2066  1.365779      1.000000
     81   1      7   0   1     4  0.113720  1.140142      68.981        0.2        0.2      0.012          6.5861  1.360277      1.000000
     82   1      1   6   1     8  0.114106  1.141165      69.224       14.3       14.7      0.558        210.9462  1.356084      1.000000
     83   1      4   5   1     8  0.114325  1.141745      69.363        1.3        1.4      0.057         18.9618  1.353718      1.000000
     84   1      7   1   1     8  0.115082  1.143736      69.837      117.2      115.8      1.502       1757.7565  1.345675      1.000000
     85   1      1   3   2     8  0.115614  1.145130      70.169       10.3        9.4      0.213        155.3083  1.340115      1.000000
     86   1      8   0   0     2  0.116166  1.146571      70.513       49.6       50.0      0.644       3030.5603  1.334427      1.000000
     87   1      4   6   0     4  0.116556  1.147583      70.754      456.1      476.7      2.670      14027.8613  1.330467      1.000000
     88   1      3   2   2     8  0.116920  1.148528      70.979        4.2        4.2      0.030         65.2344  1.326797      1.000000
     89   1      2   6   1     8  0.117160  1.149148      71.127       58.2       52.2      0.543        904.4735  1.324406      1.000000
     90   1      8   1   0     4  0.117541  1.150130      71.361      151.4      154.2      1.309       4734.1792  1.320633      1.000000
     91   1      4   0   2     4  0.118589  1.152816      72.001      389.8      359.6      1.552      12397.2021  1.310459      1.000000
     92   1      2   3   2     8  0.118687  1.153067      72.061      783.4      710.8      2.716      12477.3770  1.309518      1.000000
     93   1      1   7   0     4  0.119095  1.154105      72.308       13.5       13.0      0.074        433.7834  1.305646      1.000000
     94   1      7   2   1     8  0.119212  1.154404      72.380       23.0       23.4      0.183        368.8172  1.304537      1.000000
     95   1      4   1   2     8  0.119979  1.156345      72.842       37.8       43.4      0.705        614.2468  1.297388      1.000000
     96   1      8   2   0     4  0.121718  1.160706      73.882       27.8       35.0      0.639        926.6019  1.281684      1.000000
     97   1      6   5   0     4  0.121952  1.161286      74.020       25.2       29.2      0.425        843.1206  1.279633      1.000000
     98   1      2   7   0     4  0.122218  1.161948      74.178       52.4       57.1      0.596       1761.5946  1.277301      1.000000
     99   1      3   6   1     8  0.122344  1.162259      74.252        3.0        3.2      0.029         50.8032  1.276210      1.000000
    100   1      6   4   1     8  0.122471  1.162574      74.327      197.3      202.3      1.601       3327.2825  1.275105      1.000000
    101   1      7   4   0     4  0.122902  1.163638      74.581        3.2        3.1      0.042        107.4680  1.271397      1.000000
    102   1      5   5   1     8  0.123626  1.165418      75.005       26.6       27.1      0.674        455.2296  1.265257      1.000000
    103   1      3   3   2     8  0.123910  1.166114      75.171        9.6        9.0      0.255        165.2735  1.262873      1.000000
    104   1      4   2   2     8  0.124208  1.166840      75.344        5.4        5.1      0.176         93.2879  1.260403      1.000000
    105   1      0   4   2     4  0.124342  1.167169      75.422        5.9        5.6      0.219        202.5083  1.259287      1.000000
    106   1      1   4   2     8  0.125407  1.169752      76.038       20.7       20.4      0.648        364.1768  1.250616      1.000000
    107   1      5   6   0     4  0.125959  1.171082      76.355       46.8       51.3      0.782       1653.8258  1.246210      1.000000
    108   1      7   3   1     8  0.126285  1.171866      76.542      107.6      110.1      1.243       1910.4674  1.243633      1.000000
    109   1      3   7   0     4  0.127542  1.174865      77.256        1.6        2.0      0.124         58.5091  1.233904      1.000000
    110   1      2   4   2     8  0.128640  1.177461      77.875      120.3      120.5      1.466       2197.4802  1.225640      1.000000
    111   1      8   3   0     4  0.128891  1.178049      78.015       49.4       52.0      0.595       1810.6572  1.223786      1.000000
    112   1      5   1   2     8  0.129558  1.179612      78.388       26.8       26.4      0.484        495.0072  1.218902      1.000000
    113   1      4   6   1     8  0.129849  1.180291      78.549       31.8       35.5      0.628        588.9730  1.216796      1.000000
    114   1      8   1   1     8  0.130907  1.182746      79.135       85.4       97.2      1.386       1600.4147  1.209260      1.000000
    115   1      4   3   2     8  0.131486  1.184079      79.452        0.9        1.1      0.031         17.7719  1.205220      1.000000
    116   1      1   7   1     8  0.132581  1.186586      80.050       41.9       47.5      1.098        799.1727  1.197723      1.000000
    117   1      5   2   2     8  0.134032  1.189873      80.833       11.8       12.6      0.532        228.2802  1.188078      1.000000
    118   1      3   4   2     8  0.134176  1.190196      80.910        2.0        2.2      0.095         38.9385  1.187144      1.000000
    119   1      4   7   0     4  0.135293  1.192696      81.506       23.4       24.0      0.353        915.7889  1.179963      1.000000
    120   1      8   2   1     8  0.135422  1.192984      81.575       65.5       66.8      0.775       1284.3202  1.179144      1.000000

   No.  Code     H   K   L  Mult      Hw      ETA/M    2theta/TOF     Icalc       Iobs      Sigma     StrFactor^2    d-hkl       CORR

    121   1      6   5   1     8  0.135675  1.193547      81.709       71.7       73.6      0.668       1409.4985  1.177547      1.000000
    122   1      9   1   0     4  0.135852  1.193939      81.802        5.3        5.5      0.043        208.5172  1.176437      1.000000
    123   1      2   7   1     8  0.135965  1.194190      81.862      179.1      184.8      1.395       3528.3433  1.175729      1.000000
    124   1      7   5   0     4  0.136142  1.194582      81.956        6.8        6.9      0.062        266.7849  1.174625      1.000000
    125   1      7   4   1     8  0.136709  1.195834      82.254        4.5        4.7      0.098         88.5262  1.171119      1.000000
    126   1      6   6   0     4  0.138194  1.199085      83.029       11.2       13.0      0.537        450.9495  1.162147      1.000000
    127   1      1   5   2     8  0.138867  1.200545      83.377        7.9        8.3      0.324        160.1704  1.158179      1.000000
    128   1      8   4   0     4  0.139500  1.201911      83.702        4.4        4.5      0.127        179.9856  1.154501      1.000000
    129   1      5   6   1     8  0.140050  1.203092      83.984      163.3      162.8      1.645       3326.7473  1.151346      1.000000
    130   1      0   8   0     2  0.140096  1.203191      84.007       10.9       10.9      0.109        892.7716  1.151082      1.000000
    131   1      6   0   2     4  0.140509  1.204074      84.218        5.2        5.2      0.055        213.3723  1.148741      1.000000
    132   1      9   2   0     4  0.140525  1.204108      84.226       35.5       35.4      0.374       1450.0825  1.148653      1.000000
    133   1      1   8   0     4  0.141277  1.205707      84.607        1.5        1.3      0.029         62.5902  1.144448      1.000000
    134   1      3   7   1     8  0.141789  1.206792      84.866      164.1      159.9      1.533       3386.5928  1.141620      1.000000
    135   1      5   3   2     8  0.141807  1.206829      84.874       13.1       12.8      0.122        271.2095  1.141525      1.000000
    136   1      6   1   2     8  0.142103  1.207453      85.023       24.5       23.5      0.248        506.8047  1.139906      1.000000
    137   1      4   4   2     8  0.142292  1.207853      85.118        6.0        5.9      0.060        123.5059  1.138874      1.000000
    138   1      2   5   2     8  0.142406  1.208092      85.176       40.6       40.1      0.450        841.4712  1.138257      1.000000
    139   1      8   3   1     8  0.143276  1.209914      85.610        1.2        1.3      0.055         25.1254  1.133593      1.000000
    140   1      2   8   0     4  0.144880  1.213240      86.402       14.9       16.0      0.649        627.9506  1.125215      1.000000
    141   1      5   7   0     4  0.145909  1.215349      86.905        0.7        0.7      0.035         31.2711  1.119995      1.000000
    142   1      6   2   2     8  0.147001  1.217568      87.434      303.6      275.0      2.354       6473.1885  1.114576      1.000000
    143   1      3   5   2     8  0.148523  1.220631      88.164        1.2        1.3      0.052         26.0671  1.107222      1.000000
    144   1      9   3   0     4  0.148692  1.220968      88.244        1.0        1.1      0.045         42.9677  1.106422      1.000000
    145   1      9   0   1     4  0.149315  1.222208      88.540       25.3       27.0      0.709       1093.4293  1.103490      1.000000
    146   1      4   7   1     8  0.150395  1.224343      89.049       41.0       42.8      0.764        889.6937  1.098498      1.000000
    147   1      9   1   1     8  0.151022  1.225573      89.342       63.1       62.4      0.713       1371.4357  1.095652      1.000000
    148   1      3   8   0     4  0.151120  1.225766      89.388       23.9       23.5      0.259       1038.9474  1.095208      1.000000
    149   1      7   5   1     8  0.151347  1.226210      89.494       67.0       65.1      0.744       1459.2341  1.094187      1.000000
    150   1      5   4   2     8  0.153515  1.230406      90.494        1.2        1.1      0.037         26.0838  1.084677      1.000000
    151   1      6   6   1     8  0.153655  1.230673      90.557        7.1        6.5      0.189        155.5810  1.084080      1.000000
    152   1      7   6   0     4  0.154191  1.231698      90.802        5.7        5.5      0.084        248.9946  1.081799      1.000000
    153   1      8   5   0     4  0.154475  1.232241      90.931      124.7      128.1      1.293       5496.9805  1.080597      1.000000
    154   1      8   4   1     8  0.155129  1.233481      91.227       78.3       75.8      0.574       1729.8340  1.077865      1.000000
    155   1      6   3   2     8  0.155611  1.234393      91.444      329.7      303.9      1.597       7297.5649  1.075869      1.000000
    156   1      0   8   1     4  0.155803  1.234754      91.530       69.1       64.5      0.323       3061.0322  1.075082      1.000000
    157   1      0   6   2     4  0.155992  1.235109      91.615      309.4      285.1      1.419      13711.7090  1.074309      1.000000
    158   1      9   2   1     8  0.156289  1.235666      91.747        4.9        4.5      0.026        109.3643  1.073102      1.000000
    159   1      1   8   1     8  0.157141  1.237259      92.127       40.9       38.8      0.404        909.7017  1.069671      1.000000
    160   1      1   6   2     8  0.157332  1.237614      92.212       14.2       13.6      0.150        316.7890  1.068910      1.000000
    161   1      4   5   2     8  0.157624  1.238157      92.341       68.9       64.5      0.708       1533.8033  1.067751      1.000000
    162   1     10   0   0     2  0.157677  1.238255      92.365       13.6       12.7      0.142       1214.9049  1.067541      1.000000
    163   1      7   1   2     8  0.158635  1.240026      92.786        5.0        5.1      0.123        111.9209  1.063790      1.000000
    164   1     10   1   0     4  0.159507  1.241623      93.167        8.6        9.9      0.301        386.4185  1.060439      1.000000
    165   1      6   7   0     4  0.160207  1.242899      93.471        0.4        0.5      0.010         18.3096  1.057788      1.000000
    166   1      4   8   0     4  0.160427  1.243298      93.566       58.3       65.7      1.105       2616.6572  1.056964      1.000000
    167   1      9   4   0     4  0.161109  1.244530      93.860       10.2       10.6      0.202        456.2360  1.054427      1.000000
    168   1      2   8   1     8  0.161247  1.244779      93.919        0.9        1.0      0.020         21.2244  1.053917      1.000000
    169   1      2   6   2     8  0.161445  1.245135      94.004       14.8       14.9      0.358        333.2746  1.053189      1.000000
    170   1      5   7   1     8  0.162425  1.246890      94.422       10.4       11.0      0.404        235.1701  1.049624      1.000000
    171   1      7   2   2     8  0.164262  1.250143      95.198       15.9       14.4      0.431        358.6782  1.043115      1.000000
    172   1     10   2   0     4  0.165178  1.251746      95.580      166.3      168.3      1.699       7536.2842  1.039955      1.000000
    173   1      9   3   1     8  0.165626  1.252526      95.766       48.2       44.4      0.496       1094.2039  1.038427      1.000000
    174   1      3   8   1     8  0.168435  1.257353      96.916        0.9        0.8      0.019         19.4947  1.029139      1.000000
    175   1      3   6   2     8  0.168646  1.257710      97.001       13.6       12.7      0.224        310.4071  1.028462      1.000000
    176   1      6   4   2     8  0.168826  1.258016      97.074       95.7       88.5      1.319       2185.7170  1.027883      1.000000
    177   1      5   5   2     8  0.170470  1.260781      97.733        1.8        2.2      0.091         42.4082  1.022703      1.000000
    178   1      1   9   0     4  0.171835  1.263050      98.274       21.7       26.1      0.504       1001.3649  1.018517      1.000000
    179   1      7   6   1     8  0.172010  1.263338      98.343       24.8       28.8      0.500        571.4697  1.017990      1.000000
    180   1      8   5   1     8  0.172342  1.263887      98.473       22.9       25.9      0.455        529.6665  1.016988      1.000000

   No.  Code     H   K   L  Mult      Hw      ETA/M    2theta/TOF     Icalc       Iobs      Sigma     StrFactor^2    d-hkl       CORR

    181   1      5   8   0     4  0.173614  1.265970      98.970        4.9        5.7      0.173        228.9822  1.013213      1.000000
    182   1      7   3   2     8  0.174311  1.267101      99.240        6.2        7.2      0.211        146.0252  1.011182      1.000000
    183   1     10   3   0     4  0.175313  1.268719      99.625       24.7       26.6      0.444       1229.0302  1.008302      1.000000
    184   1      8   6   0     4  0.175766  1.269446      99.798       33.3       34.6      0.447       1783.9680  1.007018      1.000000

     -----------------------------------------------------
     BRAGG R-Factors and weight fractions for Pattern #  1
     -----------------------------------------------------

 => Phase:  1     CVO-Sc-x=0
 => Bragg R-factor:   4.45       Vol:  295.762( 0.006)  Fract(%):  100.00( 0.31)
 => Rf-factor=  2.78             ATZ:         823.842   Brindley:  1.0000

     -----------------------------------------------------------------
      SYMBOLIC NAMES AND FINAL VALUES AND SIGMA OF REFINED PARAMETERS:
     -----------------------------------------------------------------

      ->  Parameter number    1 :                                     Scale_ph1_pat1    0.40856847E-02( +/-    0.89087061E-05 )
      ->  Parameter number    2 :                                         Bck_0_pat1     337.46030    ( +/-     2.1822202     )
      ->  Parameter number    3 :                                         Bck_1_pat1    -528.65057    ( +/-     8.5253162     )
      ->  Parameter number    4 :                                         Bck_2_pat1     1116.2516    ( +/-     16.180225     )
      ->  Parameter number    5 :                                         Bck_3_pat1    -1843.3053    ( +/-     29.929113     )
      ->  Parameter number    6 :                                         Bck_4_pat1     1451.7744    ( +/-     46.362438     )
      ->  Parameter number    7 :                                         Bck_5_pat1    -404.45023    ( +/-     18.692633     )
      ->  Parameter number    8 :                                          Zero_pat1   -0.64183860E-02( +/-    0.44659589E-03 )
      ->  Parameter number    9 :                                    Cell_A_ph1_pat1     10.675412    ( +/-    0.13197443E-03 )
      ->  Parameter number   10 :                                    Cell_B_ph1_pat1     9.2086573    ( +/-    0.12250121E-03 )
      ->  Parameter number   11 :                                    Cell_C_ph1_pat1     3.0085771    ( +/-    0.35158228E-04 )
      ->  Parameter number   12 :                                    U-Cagl_ph1_pat1    0.15783051E-01( +/-    0.25235235E-02 )
      ->  Parameter number   13 :                                    V-Cagl_ph1_pat1    0.62955953E-02( +/-    0.18501020E-02 )
      ->  Parameter number   14 :                                    W-Cagl_ph1_pat1    0.11556317E-02( +/-    0.34835958E-03 )
      ->  Parameter number   15 :                                           X_V1_ph1    0.11162082    ( +/-    0.12274660E-03 )
      ->  Parameter number   16 :                                           Y_V1_ph1    0.67221187E-01( +/-    0.17740659E-03 )
      ->  Parameter number   17 :                                           Y_O4_ph1   -0.42016205    ( +/-    0.49852551E-03 )
      ->  Parameter number   18 :                                           X_V2_ph1   -0.10418997    ( +/-    0.12275016E-03 )
      ->  Parameter number   19 :                                           Y_V2_ph1   -0.41984949    ( +/-    0.16805004E-03 )
      ->  Parameter number   20 :                                           X_O4_ph1   -0.42558026    ( +/-    0.44468153E-03 )
      ->  Parameter number   21 :                                          X_Ca1_ph1    0.34532973    ( +/-    0.15850415E-03 )
      ->  Parameter number   22 :                                          Y_Ca1_ph1    0.24505037    ( +/-    0.24229819E-03 )
      ->  Parameter number   23 :                                           Y_O3_ph1    0.48058572    ( +/-    0.60717389E-03 )
      ->  Parameter number   24 :                                           X_O1_ph1   -0.16157709    ( +/-    0.47382221E-03 )
      ->  Parameter number   25 :                                           Y_O1_ph1   -0.20899911    ( +/-    0.49534295E-03 )
      ->  Parameter number   26 :                                           X_O3_ph1    0.21586746    ( +/-    0.45236951E-03 )
      ->  Parameter number   27 :                                           X_O2_ph1   -0.24302112E-01( +/-    0.47441095E-03 )
      ->  Parameter number   28 :                                           Y_O2_ph1    0.38151777    ( +/-    0.46639491E-03 )
      ->  Parameter number   29 :                                     EtaPV_ph1_pat1    0.85071623    ( +/-    0.29966921E-01 )
      ->  Parameter number   30 :                                     X-tan_ph1_pat1    0.41957581E-02( +/-    0.62340545E-03 )

 ------------------------------------------------------------------
 => Number of bytes for floating point variables: 4
 => Dimensions of dynamic allocated arrays in this run of FullProf:
 ------------------------------------------------------------------

 => Total approximate array memory (dynamic + static): 132451053 bytes

    MaxPOINT=    80000 Max.num. of points(+int. Inten.)/diffraction pattern       
    MaxREFLT=    25000 Max.num. of reflections/diffraction pattern               
    MaxPARAM=      500 Max.num. of refinable parameters                          
    MaxOVERL=     9000 Max.num. of overlapping reflections                       

 ----------------------------------------------------------
 => Number of bytes for floating point arrays: 4
 => Dimensions of fixed arrays in this release of FullProf:
 ----------------------------------------------------------

    NPATT   =       80 Max.num. of powder diffraction patterns                    
    NATS    =      830 Max.num. of atoms (all kind) in asymmetric unit            
    MPAR    =     1800 Max.num. of non atomic parameters/phase                    
    IEXCL   =       30 Max.num. of excluded regions                               
    IBACP   =      377 Max.num. of background points for interpolation            
    NPHT    =       16 Max.num. of phases                                         
    NMAGM   =        8 Max.num. of rotation-matrices sets for magnetic structure  
    NBASIS  =       12 Max.num. of basis functions associated to a single atom    
    NIREPS  =        9 Max.num. of irreducible representations to be combined     
    N_EQ    =      384 Max.num. of user-supplied symmetry operators/propagation vectors
    NGL     =      400 Max.num. of global parameters/diffraction pattern          
    N_LINC  =       50 Max.num. of global linear restraints                        
    NAT_P   =       80 Max.num. of atomic parameters per atom                     
    NCONST  =     3500 Max.num. of slack constraints per phase                    
    N_SPE   =       30 Max.num. of different chemical species                     
    N_FORM  =       60 Max.num. of scattering factor values in a table            
    NPR     =      150 Max.num. of points defining a numerical profile            
    INPR    =       25 Max.num. of different numerical peak shapes                
    NPRC    =      150 Max.num. of terms in the table for correcting intensities  
    NSOL    =       10 Max.num. of solutions to be stored in Montecarlo searchs   

 
              CPU Time:     0.508 seconds
                            0.008 minutes

 => Run finished at:     Date: 14/03/2026  Time: 02:31:30.005                              
